Name                                                                                                   Stmts   Miss  Cover   Missing
------------------------------------------------------------------------------------------------------------------------------------
app/DoubleLinkedList.py                                                                                   98      3    97%   97-98, 111
app/__init__.py                                                                                           15      0   100%
app/config.py                                                                                             15      0   100%
app/db.py                                                                                                 37     11    70%   35-36, 39-43, 46-49
app/handlers.py                                                                                           83     45    46%   11-12, 23-25, 31, 46, 55-61, 66-72, 77-82, 87-92, 99-102, 107-112, 137, 142, 147
app/model.py                                                                                              29     15    48%   34-38, 52, 60-72, 76, 84-94
tests/CompareJSON.py                                                                                      25     24     4%   2-35
tests/Compare_test.py                                                                                      4      3    25%   3-6
tests/DoubleLinkedListTests.py                                                                           152      0   100%
tests/Mock_test.py                                                                                        10      0   100%
tests/app_tests.py                                                                                        91     35    62%   11-13, 18-19, 24-25, 30-31, 35-37, 42-43, 48-49, 54-55, 60-61, 66-67, 72-73, 78-79, 98-99, 102-103, 106-107, 110-111, 115
tests/first_chat_tests.py                                                                                 35     31    11%   6-75
tests/rpc_tests.py                                                                                        51      4    92%   11, 21, 25, 31
tests/selenium_test.py                                                                                    25      1    96%   32
tests/test.py                                                                                              5      4    20%   2-6
venv/lib/python3.7/site-packages/asn1crypto/__init__.py                                                    3      0   100%
venv/lib/python3.7/site-packages/asn1crypto/_errors.py                                                    12      7    42%   33-45
venv/lib/python3.7/site-packages/asn1crypto/_ffi.py                                                       13      3    77%   19, 23, 27
venv/lib/python3.7/site-packages/asn1crypto/_int.py                                                       54     42    22%   53, 72-139, 157-159
venv/lib/python3.7/site-packages/asn1crypto/_iri.py                                                      140    124    11%   22-23, 48-114, 128-166, 182-184, 204-239, 262-288
venv/lib/python3.7/site-packages/asn1crypto/_ordereddict.py                                               91     88     3%   31-135
venv/lib/python3.7/site-packages/asn1crypto/_perf/__init__.py                                              0      0   100%
venv/lib/python3.7/site-packages/asn1crypto/_perf/_big_num_ctypes.py                                      31      3    90%   37, 68-69
venv/lib/python3.7/site-packages/asn1crypto/_teletex_codec.py                                             26      7    73%   17, 20, 26, 32, 50-53
venv/lib/python3.7/site-packages/asn1crypto/_types.py                                                     23     13    43%   9-16, 26, 40-46
venv/lib/python3.7/site-packages/asn1crypto/algos.py                                                     273    159    42%   75-83, 96-104, 291-317, 332-357, 538-540, 551-558, 659-682, 700-718, 735-763, 780-797, 821-894, 911-928, 947-977, 993-1028, 1046-1076, 1123-1126, 1139-1143
venv/lib/python3.7/site-packages/asn1crypto/core.py                                                     1967   1599    19%   66-69, 165, 222-230, 288, 290, 295-302, 305-312, 316-323, 332-362, 365-384, 387-395, 398, 401, 404, 407-412, 423-426, 434-437, 447, 457, 467-472, 482-484, 497-500, 510, 528-532, 542-544, 558-568, 575-590, 604-619, 641-646, 668-690, 713-731, 743-745, 759-761, 781, 784, 787, 790, 801, 815, 840-858, 869-872, 883-886, 906-936, 950-951, 965-968, 1018-1022, 1029-1038, 1058-1122, 1130-1132, 1142-1151, 1160, 1171, 1191-1227, 1243, 1257-1260, 1274-1280, 1312, 1331-1357, 1368-1371, 1378, 1386, 1394, 1404-1406, 1419-1422, 1432, 1446-1455, 1462-1466, 1480-1483, 1492, 1500, 1516-1525, 1542-1561, 1569, 1595-1610, 1620-1633, 1647-1652, 1655, 1666-1692, 1716-1732, 1740-1744, 1758-1759, 1770-1773, 1791-1795, 1803, 1810, 1821-1826, 1847-1882, 1889, 1900-1907, 1928-1932, 1945-2032, 2049-2079, 2095-2136, 2146-2166, 2179-2195, 2225-2242, 2250-2254, 2268-2269, 2280-2283, 2306-2323, 2333-2344, 2355-2367, 2388-2404, 2412-2416, 2430-2431, 2442-2445, 2466-2482, 2493-2498, 2524-2532, 2542-2558, 2578-2581, 2589-2593, 2607-2609, 2620-2626, 2637-2640, 2654-2662, 2686-2703, 2723, 2734, 2764-2780, 2798-2830, 2844-2880, 2888, 2898-2917, 2930-2937, 2983-3013, 3024-3029, 3119-3170, 3179-3185, 3194, 3203-3209, 3216-3219, 3227-3230, 3247-3276, 3294-3333, 3347-3378, 3386-3387, 3399-3424, 3431-3451, 3469-3498, 3523-3571, 3586-3706, 3724-3745, 3757-3778, 3792-3799, 3806-3815, 3829-3845, 3890-3913, 3922-3928, 3937, 3946-3952, 3959-3963, 3977-4018, 4026-4029, 4040-4043, 4058-4074, 4085-4092, 4101-4105, 4116-4134, 4146-4154, 4165-4174, 4189-4209, 4220, 4232-4244, 4258-4265, 4272-4278, 4292-4295, 4317-4337, 4352-4448, 4462-4481, 4504-4514, 4583-4612, 4633-4641, 4654-4668, 4691-4699, 4713-4741, 4813-4842, 4853-4861, 4879-4901, 4920-4946, 5022-5204, 5237-5242
venv/lib/python3.7/site-packages/asn1crypto/parser.py                                                     98     86    12%   50-71, 103-110, 132-136, 163-232, 266-289
venv/lib/python3.7/site-packages/asn1crypto/util.py                                                      287    220    23%   29, 37-128, 156-167, 183, 224-235, 248-265, 276, 290-293, 304-316, 323-326, 329, 332, 335-337, 340, 343, 352-373, 376, 379, 382, 385, 427-455, 463, 471, 479-481, 489-491, 500-502, 515-541, 557-559, 573-576, 588-610, 622-625, 628, 631-634, 637-639, 642, 653, 663-700, 703, 706, 709, 712
venv/lib/python3.7/site-packages/asn1crypto/version.py                                                     3      0   100%
venv/lib/python3.7/site-packages/authlib/__init__.py                                                       5      0   100%
venv/lib/python3.7/site-packages/authlib/client/__init__.py                                                7      0   100%
venv/lib/python3.7/site-packages/authlib/client/assertion_session.py                                      40     27    32%   21-32, 36, 40, 44-45, 53-66, 71-76
venv/lib/python3.7/site-packages/authlib/client/client.py                                                104     80    23%   75-89, 100-124, 136-158, 161-179, 182-192, 195-203, 212, 221, 230, 239, 248
venv/lib/python3.7/site-packages/authlib/client/errors.py                                                 30      7    77%   40-42, 45-47, 50
venv/lib/python3.7/site-packages/authlib/client/oauth1_auth.py                                            25     15    40%   17, 28-47
venv/lib/python3.7/site-packages/authlib/client/oauth1_session.py                                         82     64    22%   62-79, 83, 87, 91, 103-115, 131-134, 153-164, 178-184, 194-196, 199-220, 226-230
venv/lib/python3.7/site-packages/authlib/client/oauth2_auth.py                                            54     38    30%   28, 31-33, 36-56, 73-78, 84-85, 88-94, 98-106, 110-114
venv/lib/python3.7/site-packages/authlib/client/oauth2_session.py                                        142    114    20%   52-82, 93, 97, 101, 112-132, 162-198, 202, 205-206, 225-253, 272-284, 290-299, 312-319, 322-328, 332-344
venv/lib/python3.7/site-packages/authlib/common/__init__.py                                                0      0   100%
venv/lib/python3.7/site-packages/authlib/common/encoding.py                                               59     42    29%   9-11, 19-27, 31-35, 39-43, 47-48, 52, 56-58, 62-74, 78-80
venv/lib/python3.7/site-packages/authlib/common/errors.py                                                 51     36    29%   15-23, 26, 35-39, 42-44, 47, 50-53, 56-65, 68, 75-79
venv/lib/python3.7/site-packages/authlib/common/security.py                                               11      5    55%   9-10, 15-17
venv/lib/python3.7/site-packages/authlib/common/urls.py                                                   77     48    38%   11-12, 20, 42-45, 58-96, 101-106, 111-116, 120, 124, 128, 139-157, 161-162
venv/lib/python3.7/site-packages/authlib/consts.py                                                         5      0   100%
venv/lib/python3.7/site-packages/authlib/deprecate.py                                                     10      5    50%   12-16
venv/lib/python3.7/site-packages/authlib/flask/__init__.py                                                 0      0   100%
venv/lib/python3.7/site-packages/authlib/flask/client/__init__.py                                          1      0   100%
venv/lib/python3.7/site-packages/authlib/flask/client/oauth.py                                           176    132    25%   53, 56, 58, 64-83, 99-102, 105-115, 118-127, 130-152, 155-160, 163-168, 179-187, 191-198, 202-203, 206-208, 218-239, 243-255, 259-279
venv/lib/python3.7/site-packages/authlib/specs/__init__.py                                                 0      0   100%
venv/lib/python3.7/site-packages/authlib/specs/rfc5849/__init__.py                                         8      0   100%
venv/lib/python3.7/site-packages/authlib/specs/rfc5849/authorization_server.py                           112     90    20%   26-28, 31, 34, 37, 50-73, 106-118, 122-131, 155-179, 184-208, 244-261, 284, 300, 312, 335, 359
venv/lib/python3.7/site-packages/authlib/specs/rfc5849/base_server.py                                     47     34    28%   45, 52-79, 86-101, 109, 119
venv/lib/python3.7/site-packages/authlib/specs/rfc5849/client.py                                          80     58    28%   54, 62-72, 84-89, 92-113, 116-127, 142-162, 166, 170
venv/lib/python3.7/site-packages/authlib/specs/rfc5849/errors.py                                          50     10    80%   16, 20, 31, 35-36, 55-56, 59, 77, 94
venv/lib/python3.7/site-packages/authlib/specs/rfc5849/models.py                                          32     14    56%   12, 21, 30, 43, 54, 65, 77, 89, 94, 97, 100, 103, 106, 109
venv/lib/python3.7/site-packages/authlib/specs/rfc5849/parameters.py                                      21     14    33%   38-56, 70-77, 89, 101-104
venv/lib/python3.7/site-packages/authlib/specs/rfc5849/resource_protector.py                              23     17    26%   12-32, 35
venv/lib/python3.7/site-packages/authlib/specs/rfc5849/signature.py                                       88     62    30%   57-75, 103-150, 227-242, 247-248, 270-295, 311-315, 336-347, 352-353, 359-360, 365, 370-373, 378-381, 386-387
venv/lib/python3.7/site-packages/authlib/specs/rfc5849/util.py                                             5      2    60%   5, 9
venv/lib/python3.7/site-packages/authlib/specs/rfc5849/wrapper.py                                         76     58    24%   19-42, 46, 50-51, 55-56, 60, 64, 68, 72, 76, 80-81, 85-87, 92-106, 110-129
venv/lib/python3.7/site-packages/authlib/specs/rfc6749/__init__.py                                         8      0   100%
venv/lib/python3.7/site-packages/authlib/specs/rfc6749/authenticate_client.py                             55     41    25%   29-30, 37, 40-48, 51, 58-68, 78-90, 100-110, 117-124
venv/lib/python3.7/site-packages/authlib/specs/rfc6749/authorization_server.py                            80     63    21%   16-28, 52, 55, 58, 73-76, 79, 82-84, 87-90, 98-101, 109-113, 116-120, 131-148, 158-169
venv/lib/python3.7/site-packages/authlib/specs/rfc6749/errors.py                                          71     23    68%   62-63, 69-72, 76-79, 86, 91-92, 125-137, 179, 194, 205
venv/lib/python3.7/site-packages/authlib/specs/rfc6749/grants/__init__.py                                  7      0   100%
venv/lib/python3.7/site-packages/authlib/specs/rfc6749/grants/authorization_code.py                       79     60    24%   110-132, 172-187, 233-266, 296-317, 342, 355, 366, 378
venv/lib/python3.7/site-packages/authlib/specs/rfc6749/grants/base.py                                     43     22    49%   32-34, 38, 42, 46, 74-82, 85-87, 90, 96, 99-111
venv/lib/python3.7/site-packages/authlib/specs/rfc6749/grants/client_credentials.py                       21     12    43%   66-73, 100-109
venv/lib/python3.7/site-packages/authlib/specs/rfc6749/grants/implicit.py                                 36     24    33%   121-133, 190-214
venv/lib/python3.7/site-packages/authlib/specs/rfc6749/grants/refresh_token.py                            59     44    25%   36-45, 48-59, 62-72, 108-111, 119-141, 155, 167
venv/lib/python3.7/site-packages/authlib/specs/rfc6749/grants/resource_owner_password_credentials.py      33     23    30%   89-116, 144-153, 164
venv/lib/python3.7/site-packages/authlib/specs/rfc6749/models.py                                          29     13    55%   30, 43, 54, 66, 83, 96, 115, 127, 141, 152, 165, 176, 187
venv/lib/python3.7/site-packages/authlib/specs/rfc6749/parameters.py                                      46     38    17%   50-66, 92-107, 148-157, 201-213
venv/lib/python3.7/site-packages/authlib/specs/rfc6749/resource_protector.py                              18     13    28%   18-19, 22-37
venv/lib/python3.7/site-packages/authlib/specs/rfc6749/token_endpoint.py                                  16      7    56%   10-11, 16, 21-25, 28, 31
venv/lib/python3.7/site-packages/authlib/specs/rfc6749/util.py                                            28     23    18%   7-11, 16-20, 24-38
venv/lib/python3.7/site-packages/authlib/specs/rfc6749/wrappers.py                                        52     40    23%   10-15, 18-21, 25-27, 32-53, 59-64, 69-72
venv/lib/python3.7/site-packages/authlib/specs/rfc6750/__init__.py                                         5      0   100%
venv/lib/python3.7/site-packages/authlib/specs/rfc6750/errors.py                                          25     13    48%   35-37, 40, 54-65, 81
venv/lib/python3.7/site-packages/authlib/specs/rfc6750/parameters.py                                      19     14    26%   10, 19-21, 29-31, 35-41
venv/lib/python3.7/site-packages/authlib/specs/rfc6750/validator.py                                       35     23    34%   21, 28, 31, 34, 37-38, 41-45, 48-59
venv/lib/python3.7/site-packages/authlib/specs/rfc6750/wrappers.py                                        38     29    24%   68-70, 73-82, 87-107, 111-121
venv/lib/python3.7/site-packages/authlib/specs/rfc7009/__init__.py                                         3      0   100%
venv/lib/python3.7/site-packages/authlib/specs/rfc7009/parameters.py                                      10      8    20%   16-25
venv/lib/python3.7/site-packages/authlib/specs/rfc7009/revocation.py                                      36     28    22%   28-42, 58-85, 99, 117
venv/lib/python3.7/site-packages/authlib/specs/rfc7515/__init__.py                                         3      0   100%
venv/lib/python3.7/site-packages/authlib/specs/rfc7515/errors.py                                          20      4    80%   30-31, 38-39
venv/lib/python3.7/site-packages/authlib/specs/rfc7515/jws.py                                            150    121    19%   46, 66-77, 92-115, 137-162, 180-213, 227-231, 246-252, 255-268, 271-294, 298, 302, 306, 310-319
venv/lib/python3.7/site-packages/authlib/specs/rfc7515/models.py                                          34     21    38%   10, 14, 23, 33, 52-59, 63-65, 71-77, 82-83
venv/lib/python3.7/site-packages/authlib/specs/rfc7515/util.py                                            26     20    23%   7-15, 19-28, 32-36
venv/lib/python3.7/site-packages/authlib/specs/rfc7516/__init__.py                                         3      0   100%
venv/lib/python3.7/site-packages/authlib/specs/rfc7516/errors.py                                          13      0   100%
venv/lib/python3.7/site-packages/authlib/specs/rfc7516/jwe.py                                             88     61    31%   42, 72-96, 112-136, 139-143, 146-149, 152-155, 158-182
venv/lib/python3.7/site-packages/authlib/specs/rfc7516/models.py                                          39     12    69%   15, 18, 21, 24, 35, 38, 41-42, 53, 65, 76, 79
venv/lib/python3.7/site-packages/authlib/specs/rfc7517/__init__.py                                         2      0   100%
venv/lib/python3.7/site-packages/authlib/specs/rfc7517/_backends/__init__.py                               5      3    40%   3-5
venv/lib/python3.7/site-packages/authlib/specs/rfc7517/_backends/_cryptography.py                          4      0   100%
venv/lib/python3.7/site-packages/authlib/specs/rfc7517/jwk.py                                             54     38    30%   12, 16, 20, 31-33, 36-46, 55-63, 73-87, 92-99
venv/lib/python3.7/site-packages/authlib/specs/rfc7518/__init__.py                                         5      0   100%
venv/lib/python3.7/site-packages/authlib/specs/rfc7518/_backends/__init__.py                              16      8    50%   3-4, 8-9, 13-14, 18-19
venv/lib/python3.7/site-packages/authlib/specs/rfc7518/_backends/_jwe_alg_cryptography.py                 40     15    62%   23-26, 30, 40-41, 45, 48, 51-53, 56-58
venv/lib/python3.7/site-packages/authlib/specs/rfc7518/_backends/_jwe_enc_cryptography.py                 66     36    45%   35-38, 49-60, 72-84, 106-111, 123-127
venv/lib/python3.7/site-packages/authlib/specs/rfc7518/_backends/_jwk_cryptography.py                     93     64    31%   38, 41-43, 50-84, 87-91, 94-99, 102-103, 116-117, 124-129, 148-150, 153-169, 172-173, 182-183, 191-196, 200-213
venv/lib/python3.7/site-packages/authlib/specs/rfc7518/_backends/_jws_cryptography.py                     66     28    58%   40, 43-47, 66-69, 72-86, 105, 115-127
venv/lib/python3.7/site-packages/authlib/specs/rfc7518/_backends/_key_cryptography.py                     30     19    37%   16-19, 22-28, 33-36, 39-43
venv/lib/python3.7/site-packages/authlib/specs/rfc7518/jwe_algorithms.py                                  14      3    79%   18-20, 24
venv/lib/python3.7/site-packages/authlib/specs/rfc7518/jwk_algorithms.py                                  13      3    77%   23, 26, 29
venv/lib/python3.7/site-packages/authlib/specs/rfc7518/jws_algorithms.py                                  33      9    73%   22, 25, 28, 31, 50, 53-54, 58, 61
venv/lib/python3.7/site-packages/authlib/specs/rfc7518/util.py                                             8      5    38%   5-8, 12
venv/lib/python3.7/site-packages/authlib/specs/rfc7519/__init__.py                                         7      0   100%
venv/lib/python3.7/site-packages/authlib/specs/rfc7519/claims.py                                          86     70    19%   41-44, 47-52, 56-67, 70-72, 75-90, 98, 109, 124-144, 155-160, 171-176, 184-186, 198
venv/lib/python3.7/site-packages/authlib/specs/rfc7519/errors.py                                          24      6    75%   16-17, 24-25, 32-33
venv/lib/python3.7/site-packages/authlib/specs/rfc7519/jwt.py                                             67     42    37%   40-47, 50-56, 60-68, 79-95, 111-124
venv/lib/python3.7/site-packages/authlib/specs/rfc7519/util.py                                            30     20    33%   11-18, 22-24, 28-30, 34-40
venv/lib/python3.7/site-packages/authlib/specs/rfc7523/__init__.py                                         4      0   100%
venv/lib/python3.7/site-packages/authlib/specs/rfc7523/assertion.py                                       23     20    13%   9-36
venv/lib/python3.7/site-packages/authlib/specs/rfc7523/auth.py                                            17     13    24%   13-38
venv/lib/python3.7/site-packages/authlib/specs/rfc7523/client.py                                          67     45    33%   21-22, 25-32, 39-47, 60-69, 72-74, 77-87, 100, 110, 115, 120, 124, 129-141
venv/lib/python3.7/site-packages/authlib/specs/rfc7523/grant.py                                           49     29    41%   23, 32, 49-57, 90-103, 109-118, 130, 142, 156
venv/lib/python3.7/site-packages/authlib/specs/rfc7636/__init__.py                                         3      0   100%
venv/lib/python3.7/site-packages/authlib/specs/rfc7636/challenge.py                                        9      4    56%   7-8, 14, 19
venv/lib/python3.7/site-packages/authlib/specs/rfc7636/grant.py                                           44     31    30%   20-21, 24-25, 28-35, 39-68, 79, 90
venv/lib/python3.7/site-packages/certifi/__init__.py                                                       2      0   100%
venv/lib/python3.7/site-packages/certifi/core.py                                                          12      3    75%   28-34, 37
venv/lib/python3.7/site-packages/chardet/__init__.py                                                      11      7    36%   31-39
venv/lib/python3.7/site-packages/chardet/big5freq.py                                                       3      0   100%
venv/lib/python3.7/site-packages/chardet/big5prober.py                                                    14      6    57%   36-39, 43, 47
venv/lib/python3.7/site-packages/chardet/chardistribution.py                                             117     83    29%   49-59, 65-68, 72-82, 88-98, 103, 110, 115-118, 125-129, 134-137, 144-148, 153-156, 163-167, 172-175, 182-189, 194-197, 204-214, 219-222, 229-233
venv/lib/python3.7/site-packages/chardet/charsetgroupprober.py                                            70     61    13%   34-37, 40-47, 51-55, 59-63, 66-83, 86-106
venv/lib/python3.7/site-packages/chardet/charsetprober.py                                                 50     36    28%   40-42, 45, 49, 52, 56, 59, 63-64, 81-101, 115-145
venv/lib/python3.7/site-packages/chardet/codingstatemachine.py                                            27     18    33%   56-61, 64, 69-78, 81, 84, 88
venv/lib/python3.7/site-packages/chardet/compat.py                                                        10      4    60%   26-29
venv/lib/python3.7/site-packages/chardet/cp949prober.py                                                   14      6    57%   36-41, 45, 49
venv/lib/python3.7/site-packages/chardet/enums.py                                                         34      1    97%   62
venv/lib/python3.7/site-packages/chardet/escprober.py                                                     56     45    20%   43-56, 59-67, 71, 75, 78-81, 84-101
venv/lib/python3.7/site-packages/chardet/escsm.py                                                         17      0   100%
venv/lib/python3.7/site-packages/chardet/eucjpprober.py                                                   47     34    28%   38-42, 45-46, 50, 54, 57-87, 90-92
venv/lib/python3.7/site-packages/chardet/euckrfreq.py                                                      3      0   100%
venv/lib/python3.7/site-packages/chardet/euckrprober.py                                                   14      6    57%   36-39, 43, 47
venv/lib/python3.7/site-packages/chardet/euctwfreq.py                                                      3      0   100%
venv/lib/python3.7/site-packages/chardet/euctwprober.py                                                   14      6    57%   35-38, 42, 46
venv/lib/python3.7/site-packages/chardet/gb2312freq.py                                                     3      0   100%
venv/lib/python3.7/site-packages/chardet/gb2312prober.py                                                  14      6    57%   35-38, 42, 46
venv/lib/python3.7/site-packages/chardet/hebrewprober.py                                                  74     48    35%   155-162, 165-171, 175-176, 179, 193, 223-253, 259-280, 284, 289-292
venv/lib/python3.7/site-packages/chardet/jisfreq.py                                                        3      0   100%
venv/lib/python3.7/site-packages/chardet/jpcntx.py                                                        80     61    24%   124-129, 132-141, 144-168, 171, 175-178, 181, 185-186, 190, 193-210, 214-231
venv/lib/python3.7/site-packages/chardet/langbulgarianmodel.py                                             5      0   100%
venv/lib/python3.7/site-packages/chardet/langcyrillicmodel.py                                             13      0   100%
venv/lib/python3.7/site-packages/chardet/langgreekmodel.py                                                 5      0   100%
venv/lib/python3.7/site-packages/chardet/langhebrewmodel.py                                                3      0   100%
venv/lib/python3.7/site-packages/chardet/langthaimodel.py                                                  3      0   100%
venv/lib/python3.7/site-packages/chardet/langturkishmodel.py                                               3      0   100%
venv/lib/python3.7/site-packages/chardet/latin1prober.py                                                  50     29    42%   98-101, 104-106, 110, 114, 117-128, 131-145
venv/lib/python3.7/site-packages/chardet/mbcharsetprober.py                                               42     33    21%   40-43, 46-51, 55, 59, 62-88, 91
venv/lib/python3.7/site-packages/chardet/mbcsgroupprober.py                                               14      3    79%   43-54
venv/lib/python3.7/site-packages/chardet/mbcssm.py                                                        41      0   100%
venv/lib/python3.7/site-packages/chardet/sbcharsetprober.py                                               73     60    18%   40-51, 54-61, 65-68, 72-75, 78-122, 125-132
venv/lib/python3.7/site-packages/chardet/sbcsgroupprober.py                                               19      8    58%   45-73
venv/lib/python3.7/site-packages/chardet/sjisprober.py                                                    47     34    28%   38-42, 45-46, 50, 54, 57-87, 90-92
venv/lib/python3.7/site-packages/chardet/universaldetector.py                                            124    104    16%   82-92, 100-109, 125-218, 229-286
venv/lib/python3.7/site-packages/chardet/utf8prober.py                                                    41     29    29%   39-42, 45-47, 51, 55, 58-74, 77-82
venv/lib/python3.7/site-packages/chardet/version.py                                                        2      0   100%
venv/lib/python3.7/site-packages/click/__init__.py                                                        13      0   100%
venv/lib/python3.7/site-packages/click/_compat.py                                                        433    347    20%   22, 27-31, 39-42, 47-50, 57-59, 65-76, 79-82, 86, 100-102, 105, 108-116, 119-128, 131-143, 146-153, 157-260, 272, 275-278, 283-292, 299-307, 314-322, 330, 333-345, 349-374, 379-404, 408-412, 415-419, 422-426, 429-432, 436-439, 443-446, 450-455, 459-468, 475-516, 524-525, 531-534, 538, 541-550, 553, 556, 559, 562, 571, 575-579, 587-645, 648, 655, 659-662, 668-681
venv/lib/python3.7/site-packages/click/_unicodefun.py                                                     69     59    14%   16-29, 37-41, 52-120
venv/lib/python3.7/site-packages/click/core.py                                                           877    622    29%   35-36, 43-45, 50-58, 64-70, 81, 85-96, 104-115, 123-130, 221-341, 344-346, 349-352, 383-390, 418, 422, 434-435, 439-441, 449-454, 458-461, 465-469, 475-478, 484-488, 496, 500, 504, 510, 516, 534-555, 562-573, 616, 619, 636-642, 649, 656, 695-760, 764, 809, 819-821, 824-828, 832-833, 839-842, 846-850, 854-862, 869-872, 878-880, 884, 896-899, 903-913, 917-925, 929-932, 935-948, 954-956, 995, 1005-1007, 1011-1013, 1016-1017, 1044-1054, 1060-1082, 1085-1096, 1099-1164, 1167-1190, 1196, 1202, 1223, 1233-1237, 1245-1249, 1252, 1255, 1266-1268, 1272, 1275-1280, 1283-1286, 1346, 1366, 1369-1376, 1381-1385, 1388, 1391-1396, 1403-1417, 1427-1428, 1431-1435, 1438-1446, 1449-1457, 1460-1463, 1466-1484, 1487, 1490, 1496-1497, 1550, 1554, 1563, 1582-1585, 1597, 1599, 1601, 1604, 1607-1611, 1622-1624, 1644, 1647-1649, 1652, 1659-1685, 1688-1733, 1740-1745, 1754-1761, 1767-1773, 1776-1784, 1787-1790, 1803-1810, 1815-1817, 1820-1829, 1832-1842, 1845, 1848, 1851
venv/lib/python3.7/site-packages/click/decorators.py                                                     147     87    41%   17, 26-28, 55-64, 71, 83-85, 126-127, 132, 149-153, 195-205, 220-225, 240-283, 296-307
venv/lib/python3.7/site-packages/click/exceptions.py                                                     115     82    29%   6-8, 18-23, 26, 29, 32-35, 38-40, 54-56, 59-70, 93-95, 98-106, 123-124, 127-148, 165-169, 172-179, 193-194, 206, 213-218, 221, 235
venv/lib/python3.7/site-packages/click/formatting.py                                                     134    112    16%   12-16, 20-22, 45-86, 102-111, 115, 119, 123, 132-150, 154, 158-159, 165-171, 182-208, 217-223, 228-232, 236, 245-256
venv/lib/python3.7/site-packages/click/globals.py                                                         18     12    33%   22-26, 31, 36, 44-48
venv/lib/python3.7/site-packages/click/parser.py                                                         236    203    14%   35-73, 77-79, 85, 92-95, 100-113, 119-142, 146, 149-161, 167-169, 172-180, 186-189, 209-226, 238-247, 255-257, 266-273, 276-283, 286-299, 322-351, 354-398, 401-427
venv/lib/python3.7/site-packages/click/termui.py                                                         195    165    15%   42-43, 47-52, 92-138, 160-182, 190-229, 244-258, 344-346, 361-369, 425-449, 461, 476-478, 510-515, 540-541, 569-572, 576-577, 595-606
venv/lib/python3.7/site-packages/click/testing.py                                                        207    172    17%   19, 28-29, 32, 35-36, 39, 42, 45, 48, 51, 56-70, 79-89, 94, 99, 105-107, 112, 141-146, 153, 157-160, 180-278, 312-352, 364-374
venv/lib/python3.7/site-packages/click/types.py                                                          318    196    38%   38-39, 55, 65, 69, 77, 83-84, 87-94, 101, 104, 111-123, 126, 149, 152, 156-179, 183, 209, 216, 219-222, 226-231, 236, 243-246, 249, 263-265, 268-285, 288, 295-298, 302, 316-318, 321-338, 341, 348-355, 358, 365-371, 374, 408-412, 415-421, 424-452, 505-510, 513-518, 521-560, 578, 582, 586, 589-592, 602, 608, 620, 622, 628-634
venv/lib/python3.7/site-packages/click/utils.py                                                          179    140    22%   13-14, 22, 27-32, 37-42, 47-67, 79-95, 98, 101-103, 110-121, 125-126, 132-133, 136, 139, 142-143, 149, 152, 155, 158, 161, 164, 214-261, 274-277, 291-294, 321-327, 346-348, 363-365, 403-414, 429, 432-437, 440
venv/lib/python3.7/site-packages/cryptography/__about__.py                                                10      0   100%
venv/lib/python3.7/site-packages/cryptography/__init__.py                                                  3      0   100%
venv/lib/python3.7/site-packages/cryptography/exceptions.py                                               34      4    88%   26-27, 52-53
venv/lib/python3.7/site-packages/cryptography/hazmat/__init__.py                                           2      0   100%
venv/lib/python3.7/site-packages/cryptography/hazmat/backends/__init__.py                                  7      4    43%   14-18
venv/lib/python3.7/site-packages/cryptography/hazmat/backends/interfaces.py                               85      0   100%
venv/lib/python3.7/site-packages/cryptography/hazmat/bindings/__init__.py                                  1      0   100%
venv/lib/python3.7/site-packages/cryptography/hazmat/primitives/__init__.py                                1      0   100%
venv/lib/python3.7/site-packages/cryptography/hazmat/primitives/asymmetric/__init__.py                    11      0   100%
venv/lib/python3.7/site-packages/cryptography/hazmat/primitives/asymmetric/dsa.py                        106     48    55%   123, 127, 131-137, 141-147, 152-163, 170, 173-176, 179, 182, 191-200, 206, 209-212, 218, 221, 229-237, 243, 246-249, 254
venv/lib/python3.7/site-packages/cryptography/hazmat/primitives/asymmetric/ec.py                         184     47    74%   281, 287, 291-300, 305-316, 319, 323-324, 331-344, 351-354, 362, 365, 368, 376-386, 389, 395-398, 404, 407
venv/lib/python3.7/site-packages/cryptography/hazmat/primitives/asymmetric/padding.py                     46     14    70%   37-46, 55, 67, 73-79
venv/lib/python3.7/site-packages/cryptography/hazmat/primitives/asymmetric/rsa.py                        162    102    37%   11-12, 112-119, 123-130, 135-169, 173-180, 187-193, 200, 208, 216, 231-265, 271-296, 307, 310-313, 324, 327, 340-347, 353, 356, 359-362, 365, 368
venv/lib/python3.7/site-packages/cryptography/hazmat/primitives/asymmetric/utils.py                       26     13    50%   18-24, 28-29, 33-39, 43-49, 54-58
venv/lib/python3.7/site-packages/cryptography/hazmat/primitives/ciphers/__init__.py                        3      0   100%
venv/lib/python3.7/site-packages/cryptography/hazmat/primitives/ciphers/algorithms.py                    105     31    70%   16-23, 35, 39, 50, 54, 65-69, 73, 84, 88, 99, 103, 112, 116, 126, 130, 141, 145, 155-162, 168
venv/lib/python3.7/site-packages/cryptography/hazmat/primitives/ciphers/base.py                          124     71    43%   98-112, 115-123, 126-129, 132-138, 144, 147-149, 152-154, 157-161, 169-173, 176-181, 188-189, 192-193, 196-201, 204-209, 212-225, 232-235
venv/lib/python3.7/site-packages/cryptography/hazmat/primitives/ciphers/modes.py                         126     46    63%   67-68, 74-75, 81-82, 91-94, 106-112, 117-118, 137-140, 152-155, 167-170, 182-185, 190-192, 209-225, 231
venv/lib/python3.7/site-packages/cryptography/hazmat/primitives/constant_time.py                          15      8    47%   16-33
venv/lib/python3.7/site-packages/cryptography/hazmat/primitives/hashes.py                                 97     28    71%   63-78, 83-87, 90-92, 97-101, 154-162, 175-183
venv/lib/python3.7/site-packages/cryptography/hazmat/primitives/keywrap.py                                90     76    16%   17-33, 37-48, 53-68, 72-87, 91-130, 134-150
venv/lib/python3.7/site-packages/cryptography/hazmat/primitives/padding.py                               118     73    38%   32-36, 40-53, 57-61, 65-78, 82-94, 99-100, 103, 106, 112-114, 117-119, 122, 125-128, 134-136, 139-141, 144-148, 153-154, 157, 160, 166-168, 171-173, 176, 179-182, 188-190, 193-195, 198-202
venv/lib/python3.7/site-packages/cryptography/hazmat/primitives/serialization.py                         112     67    40%   20, 24, 28, 32, 36, 40, 44-77, 81-87, 91-102, 106-129, 138-145, 154-156, 162, 166-169, 201-204
venv/lib/python3.7/site-packages/cryptography/utils.py                                                   100     52    48%   29-30, 46-51, 57-61, 66-76, 86, 92, 101, 112, 117-119, 124, 127-131, 134, 137-141, 144, 148-151, 155-165
venv/lib/python3.7/site-packages/flask/__init__.py                                                        17      0   100%
venv/lib/python3.7/site-packages/flask/_compat.py                                                         54     34    37%   34, 40-56, 64-67, 83-99
venv/lib/python3.7/site-packages/flask/app.py                                                            590    244    59%   48-50, 59, 374, 381-382, 584-587, 599, 612, 636, 641, 650, 663, 680, 692, 705-706, 709, 727-748, 761, 769-771, 784-796, 805-808, 825-826, 904-948, 1016-1021, 1036-1040, 1057-1061, 1074-1078, 1100-1115, 1122, 1190, 1220, 1265-1268, 1274, 1315-1318, 1328, 1337-1353, 1368-1371, 1381, 1403-1406, 1418, 1435-1438, 1450, 1463-1464, 1476-1477, 1490-1491, 1529-1530, 1562-1563, 1568-1569, 1577-1578, 1594-1595, 1603-1604, 1623-1627, 1639, 1644, 1664, 1673, 1676, 1710, 1719, 1743-1748, 1758, 1776-1777, 1797, 1835-1838, 1853, 1855, 1865-1879, 1939, 1943, 1948, 1956, 1968-1969, 1975-1982, 1987, 1993, 2025, 2037-2042, 2047-2062, 2079, 2081, 2085, 2087-2089, 2108, 2110, 2112, 2114, 2139, 2143, 2145, 2164, 2166, 2253-2260, 2296-2298, 2302, 2312
venv/lib/python3.7/site-packages/flask/blueprints.py                                                     167    122    27%   27-60, 67-79, 122-132, 140-145, 153-156, 163, 177-187, 193-197, 203-207, 217-222, 231-234, 244-246, 257-260, 272-274, 285-288, 300-302, 309-311, 317-319, 325-326, 333-335, 341-343, 352-354, 361-363, 369-371, 377-379, 385-388, 395-397, 404-406, 411-413, 418-420, 433-437, 447
venv/lib/python3.7/site-packages/flask/cli.py                                                            412    320    22%   47-92, 105-116, 127-140, 149-195, 207-228, 232-256, 260-267, 288-295, 298-306, 309-313, 316-319, 322-331, 345-352, 359-397, 411-412, 429-434, 441-442, 487-497, 500-519, 522-538, 545-557, 564, 586-613, 620-640, 656-680, 687-719, 755-770, 784-805, 827-856, 878-894, 898
venv/lib/python3.7/site-packages/flask/config.py                                                          90     58    36%   30, 33, 37, 100-109, 125-139, 170, 188-198, 206-221, 251-262, 265
venv/lib/python3.7/site-packages/flask/ctx.py                                                            153     43    72%   55, 66-69, 81, 84, 87, 90-93, 117-118, 144-153, 185, 195, 220, 230, 239-240, 243-246, 310, 312, 325, 363, 366, 399, 407, 437-438, 446-449, 452
venv/lib/python3.7/site-packages/flask/debughelpers.py                                                    91     67    26%   34-45, 48, 58-75, 86-91, 98-111, 116-159, 163-164
venv/lib/python3.7/site-packages/flask/globals.py                                                         26      3    88%   37, 44, 51
venv/lib/python3.7/site-packages/flask/helpers.py                                                        334    222    34%   68, 78-83, 129-164, 209-213, 289-360, 382, 408-411, 443-451, 535-637, 658-674, 704-713, 728-759, 773-778, 797, 802-812, 825, 827-836, 857, 905, 911, 934-935, 962, 970-975, 1001-1003, 1014, 1029-1044
venv/lib/python3.7/site-packages/flask/json/__init__.py                                                  117     62    47%   35-37, 41-45, 75-81, 103, 107-108, 121, 134-164, 181, 187-191, 201-204, 211-214, 242-249, 254, 314, 318, 327
venv/lib/python3.7/site-packages/flask/json/tag.py                                                       125     42    66%   71, 76, 81, 86, 100, 107-108, 111-112, 119, 124, 134, 137, 140, 147, 150, 160, 163, 166, 178, 181, 184, 192, 195, 198, 206, 209, 212, 265, 272, 276-280, 284-292, 296, 300
venv/lib/python3.7/site-packages/flask/logging.py                                                         27     16    41%   30, 37-49, 70-78
venv/lib/python3.7/site-packages/flask/sessions.py                                                       125     66    47%   30, 34, 76-77, 82-83, 86-87, 90-91, 101, 183-229, 237, 245, 251, 258, 266-267, 281, 291, 299, 326-330, 338-346, 349-376
venv/lib/python3.7/site-packages/flask/signals.py                                                         29      2    93%   16, 33
venv/lib/python3.7/site-packages/flask/templating.py                                                      82     65    21%   23-31, 41-44, 53, 56-58, 61-78, 81-86, 89-96, 99-110, 116-119, 132-134, 147-149
venv/lib/python3.7/site-packages/flask/testing.py                                                         94     48    49%   59, 73-74, 77-86, 133-164, 175-182, 204-207, 210-217, 226-227, 244-250
venv/lib/python3.7/site-packages/flask/wrappers.py                                                        65     34    48%   35-36, 47, 50, 65-90, 105-108, 158-159, 165, 203, 212-216
venv/lib/python3.7/site-packages/flask_caching/__init__.py                                               337    288    15%   44, 55-68, 72-88, 93-145, 150-152, 159-166, 170-212, 215-241, 245-246, 250, 254, 258, 262, 266, 270, 274, 278, 282, 368-470, 473, 476, 490-531, 542-569, 576-629, 645-661, 732-784, 892-903, 916-923
venv/lib/python3.7/site-packages/flask_caching/_compat.py                                                 43     29    33%   30-36, 39-63
venv/lib/python3.7/site-packages/flask_jsonrpc/__init__.py                                               130     48    63%   61-62, 70-72, 85-94, 109, 113-133, 151-159, 165, 188, 203, 206-210, 220-221, 229-231
venv/lib/python3.7/site-packages/flask_jsonrpc/_compat.py                                                116     76    34%   41, 43, 62-64, 82-135, 143-151, 163-170, 179-193
venv/lib/python3.7/site-packages/flask_jsonrpc/exceptions.py                                              50     12    76%   35, 58-62, 69-81
venv/lib/python3.7/site-packages/flask_jsonrpc/helpers.py                                                 60     34    43%   44-45, 55-58, 66, 70-72, 83-90, 93-113
venv/lib/python3.7/site-packages/flask_jsonrpc/site.py                                                   286    191    33%   55-56, 62-75, 78-92, 95-118, 136-149, 154-155, 162-173, 179, 182, 197-198, 203, 205-210, 215, 217, 219, 224, 231, 236, 239-243, 248-249, 255-258, 262-279, 289-321, 327-355, 366-368, 371, 375-376, 379, 384, 387-397, 401-402, 407-408, 413-414, 423, 434
venv/lib/python3.7/site-packages/flask_jsonrpc/types.py                                                   43     21    51%   32-38, 59-64, 67, 78-83, 88
venv/lib/python3.7/site-packages/idna/__init__.py                                                          2      0   100%
venv/lib/python3.7/site-packages/idna/core.py                                                            283    245    13%   37-41, 44, 47, 50, 55-57, 62-64, 70-124, 129-131, 136-140, 145-146, 151-190, 195-231, 236-263, 268-291, 296-312, 317-338, 345-371, 376-399
venv/lib/python3.7/site-packages/idna/idnadata.py                                                          4      0   100%
venv/lib/python3.7/site-packages/idna/intranges.py                                                        29     24    17%   18-29, 32, 35, 40-53
venv/lib/python3.7/site-packages/idna/package_data.py                                                      1      0   100%
venv/lib/python3.7/site-packages/itsdangerous.py                                                         413    294    29%   25-28, 48, 51, 62-64, 69, 86-97, 109-110, 113, 116-118, 135-138, 148-154, 163-170, 183-191, 206-207, 215-216, 220-225, 229, 239, 243, 252, 264, 268-269, 309-320, 329-342, 346-349, 353, 357-362, 366-373, 379-383, 398, 404, 408-412, 421-467, 472-476, 514-523, 531-541, 550, 556-558, 565-569, 575, 581-582, 586, 601, 608-617, 624, 642-647, 650-652, 674-679, 682-708, 711-713, 716-719, 722-727, 731-733, 740-742, 748-756, 759-760, 780-783, 786-791, 794-811, 814-816, 819, 829-844, 847-856
venv/lib/python3.7/site-packages/jinja2/__init__.py                                                       18      0   100%
venv/lib/python3.7/site-packages/jinja2/_compat.py                                                        63     31    51%   36-38, 50-82, 98-99
venv/lib/python3.7/site-packages/jinja2/_identifier.py                                                     1      0   100%
venv/lib/python3.7/site-packages/jinja2/asyncfilters.py                                                   79     42    47%   8-15, 19-24, 40-45, 63-66, 71-72, 79, 84, 89, 94, 99, 104, 109-112, 117-124, 129
venv/lib/python3.7/site-packages/jinja2/asyncsupport.py                                                  169    105    38%   23-28, 32-40, 45-50, 52-54, 59-70, 75-78, 85-88, 92-94, 102-105, 109-111, 117-120, 126-129, 134-138, 176-178, 182-187, 194-197, 201-204, 207, 214, 217, 220-230, 242-255
venv/lib/python3.7/site-packages/jinja2/bccache.py                                                       161    118    27%   36-45, 70-73, 77, 82-96, 100-104, 108, 112-114, 151, 158, 168-174, 178, 184-188, 192, 214-217, 220-258, 261, 264-269, 272-276, 282-288, 339-342, 345-352, 355-362
venv/lib/python3.7/site-packages/jinja2/compiler.py                                                     1142    991    13%   41, 51-52, 57-58, 66-70, 77-84, 89-105, 112-118, 124-127, 134-163, 167-170, 174-176, 185-187, 200-201, 204-205, 208-209, 222-223, 226-231, 248-309, 315, 319-320, 324-325, 329-343, 347, 351, 355-358, 362-363, 367-369, 375-380, 384-395, 399-400, 404-407, 418-460, 464-472, 476-490, 493-498, 501-503, 507-580, 584-588, 595-598, 601, 610-612, 621, 625, 631-632, 635, 638, 641, 644-647, 650, 657-659, 663, 669-690, 696-808, 813-841, 845-888, 892-942, 946-963, 967-1021, 1025-1152, 1155-1173, 1176-1184, 1187-1192, 1195-1203, 1206-1215, 1218-1219, 1224-1364, 1367-1372, 1375-1395, 1400-1416, 1422-1428, 1431-1435, 1438-1441, 1445-1451, 1454-1459, 1462-1469, 1474-1485, 1491-1498, 1517-1528, 1532-1534, 1537-1538, 1542-1544, 1549-1559, 1562-1569, 1573-1601, 1605-1610, 1614-1627, 1631-1642, 1645-1646, 1651-1653, 1656-1658, 1661, 1664, 1667, 1670, 1673, 1676, 1679, 1682-1686, 1689-1700, 1703-1711, 1714-1721
venv/lib/python3.7/site-packages/jinja2/defaults.py                                                       20      0   100%
venv/lib/python3.7/site-packages/jinja2/environment.py                                                   515    410    20%   49-57, 62-66, 71-75, 82-87, 91-97, 102-110, 299-338, 345, 352-354, 376-399, 405, 410-423, 429-436, 449-467, 474-477, 489-493, 497, 509-514, 521, 528-534, 542, 551, 575-591, 621-636, 663-731, 749-758, 765-780, 792, 796-807, 826-830, 844-857, 868-872, 878-880, 884-886, 938-945, 952-959, 968, 972-991, 1003-1008, 1020, 1027, 1037-1045, 1052, 1063, 1073, 1082, 1087-1090, 1106, 1112-1115, 1120-1122, 1127, 1131-1135, 1146-1155, 1158, 1161, 1164-1168, 1178-1179, 1182-1187, 1203-1204, 1215-1233, 1237-1238, 1241-1257, 1261-1265, 1268, 1271
venv/lib/python3.7/site-packages/jinja2/exceptions.py                                                     70     48    31%   18-31, 34, 38-41, 53-58, 61, 73-77, 85-93, 97-116
venv/lib/python3.7/site-packages/jinja2/filters.py                                                       384    293    24%   59, 68-84, 89-91, 100-110, 131-140, 145, 150, 177-186, 193, 200, 225-242, 274-278, 296-307, 311-322, 337, 352, 372-374, 400-424, 429, 435-438, 444-447, 453-456, 465-486, 495, 522-533, 551-574, 602-611, 628-631, 638, 650-659, 667-670, 682-685, 690, 696-698, 721-734, 756-765, 794-799, 850-851, 871-873, 880, 887, 892, 899-909, 920-934, 960-963, 985, 1003, 1024, 1043, 1072-1078, 1082-1100, 1104-1125, 1129-1133
venv/lib/python3.7/site-packages/jinja2/idtracking.py                                                    204    155    24%   12-16, 20-22, 28-37, 40-41, 44-48, 51-54, 57-60, 63-67, 70-75, 78-93, 96-97, 100-102, 105-128, 131-138, 141-148, 154, 157-158, 165-166, 169-170, 173-174, 177-190, 193-196, 199, 207, 211-216, 219, 222-237, 240, 243-244, 247-252, 256-257, 263, 266, 269, 272-273, 277
venv/lib/python3.7/site-packages/jinja2/lexer.py                                                         351    230    34%   38-41, 153-155, 173-175, 180-186, 193, 198-216, 225-226, 229, 238, 241-245, 254-258, 262-265, 268, 282, 285, 288-293, 304-310, 313, 316, 323, 327-331, 335-336, 342-343, 347, 354-362, 366-368, 374-388, 393-409, 422-486, 550, 555-556, 562-597, 603-737
venv/lib/python3.7/site-packages/jinja2/loaders.py                                                       223    170    24%   26-34, 88-91, 97, 107-134, 161-165, 168-187, 190-202, 222-229, 232-248, 251-267, 280, 283-286, 289, 311, 314-319, 338-339, 342-347, 350-356, 360-366, 369-373, 391, 394-399, 403-408, 411-414, 437-455, 459, 463, 467-480
venv/lib/python3.7/site-packages/jinja2/nodes.py                                                         453    241    47%   82-87, 90, 93-94, 98-104, 128-145, 155-162, 169-175, 181-182, 188-192, 200-206, 210-217, 221-226, 229, 233, 239, 246-271, 408, 412, 422-431, 441-450, 464, 477, 494-501, 509-512, 520-525, 536-537, 540-543, 551-552, 562-563, 571-572, 580-581, 591-599, 603-618, 632-666, 677-689, 707-714, 717, 727-734, 737, 747-752, 762-763, 773-782, 837-838, 846-847, 904, 913-914, 926-932, 998
venv/lib/python3.7/site-packages/jinja2/optimizer.py                                                      17      8    53%   26-27, 33, 37-43
venv/lib/python3.7/site-packages/jinja2/parser.py                                                        644    585     9%   39-50, 57-59, 62-90, 97, 101-104, 108-112, 116-119, 123-147, 160-174, 178-186, 190-204, 209-225, 228-244, 247-253, 256-270, 273-275, 278-284, 287-295, 298-302, 305-340, 343-356, 359-370, 373-377, 380-385, 388-394, 406-424, 431-433, 436-446, 449-455, 458-464, 467-470, 473-492, 495-503, 506-513, 516-524, 527-534, 537-550, 553-584, 606-639, 642-651, 654-666, 669-679, 682-694, 697-720, 723-751, 754-797, 801-818, 821-849, 852-897, 901-903
venv/lib/python3.7/site-packages/jinja2/runtime.py                                                       417    294    29%   45-51, 56, 62-76, 84, 87-88, 91, 98, 108-122, 126-130, 158-173, 177-185, 191-194, 200-206, 212-217, 221, 228-232, 242-264, 273-277, 291-293, 297, 303-306, 309, 320-321, 328-331, 336-340, 345-348, 360-364, 368-370, 374-377, 388-390, 394-396, 399, 403-406, 414, 424-435, 439-448, 451, 454-457, 466, 469, 472-479, 488-499, 521-575, 579-582, 585, 610-613, 620-635, 639-641, 651, 654, 657, 660, 663, 666, 670, 674, 697-755, 775-782
venv/lib/python3.7/site-packages/jinja2/tests.py                                                          52     25    52%   27, 32, 37, 54, 59, 64, 69, 74, 79, 87, 92, 99-104, 117, 122-126, 131, 139
venv/lib/python3.7/site-packages/jinja2/utils.py                                                         310    216    30%   56-57, 79-80, 101-102, 107-108, 117-120, 134-146, 153-157, 165-174, 181-186, 203-235, 240-284, 295-303, 328, 335-336, 339, 343-346, 350-353, 359-367, 371-376, 380, 384, 387, 398-412, 418-427, 433-442, 446-448, 452, 456, 460, 464, 470, 478, 487-488, 529-542, 563-570, 578-581, 585, 590, 594-596, 605-606, 609-612, 620-621, 624-629, 632, 635, 642-643
venv/lib/python3.7/site-packages/jinja2/visitor.py                                                        40     31    22%   31-32, 36-39, 43-44, 59-78, 84-87
venv/lib/python3.7/site-packages/markupsafe/__init__.py                                                  156     88    44%   72-76, 79, 82-84, 87-89, 92-94, 98-102, 105, 111, 115, 119, 123, 134-148, 158-159, 167-170, 175-177, 191, 194, 200-203, 206-209, 213, 227-229, 232-240, 243, 246, 253, 256-271, 276-279, 286-287, 300-301
venv/lib/python3.7/site-packages/markupsafe/_compat.py                                                    14      5    64%   22-26
venv/lib/python3.7/site-packages/memcache.py                                                             760    597    21%   63, 69, 76, 241-242, 245-250, 253-268, 309-333, 336-364, 367-392, 396-399, 402-403, 406-409, 413-414, 423-440, 443-444, 473-518, 530, 546, 549-575, 608, 626, 629-649, 660, 671, 682, 693, 727, 764, 773-831, 893-950, 958-1010, 1013-1060, 1063-1114, 1121, 1128, 1185-1222, 1225-1232, 1235-1244, 1247-1285, 1299-1319, 1332, 1347, 1351-1352, 1354-1357, 1371-1372, 1375-1378, 1381-1383, 1386-1390, 1393-1415, 1418-1420, 1423-1425, 1429-1431, 1439-1460, 1463-1472, 1475-1484, 1487-1488, 1491-1500, 1504-1513
venv/lib/python3.7/site-packages/psycopg2/__init__.py                                                     25      6    76%   77-78, 122, 124, 127, 132
venv/lib/python3.7/site-packages/psycopg2/_ipaddress.py                                                   27     19    30%   51-62, 66-72, 76-79, 83-85, 89
venv/lib/python3.7/site-packages/psycopg2/_json.py                                                        82     44    46%   40-43, 68-76, 79-80, 89-93, 98, 101-105, 108-109, 113, 142, 185, 190-192, 198, 205-229
venv/lib/python3.7/site-packages/psycopg2/_range.py                                                      247    159    36%   47-55, 58-61, 67, 72, 77, 82-84, 89-91, 96-98, 103-105, 108-127, 130, 133-135, 140, 143, 150-163, 166-169, 172-175, 178-181, 184, 191-192, 221-223, 235, 238-239, 242, 245-270, 293, 310-311, 314, 320, 323-324, 327, 336-383, 403-431, 473-491
venv/lib/python3.7/site-packages/psycopg2/extensions.py                                                   94     25    73%   57-58, 114-115, 118, 123-129, 132, 142, 145, 151, 155-156, 161, 169-171, 193, 204-205
venv/lib/python3.7/site-packages/psycopg2/extras.py                                                      642    457    29%   35-36, 74, 87, 91-97, 105, 109-123, 129-130, 147-149, 174, 178, 181, 184, 187, 190-193, 196-197, 203, 206, 209, 212, 215-216, 229-230, 242-244, 247-249, 252-254, 257-260, 269-274, 277-279, 282, 285-286, 292-293, 315-316, 319-320, 323-324, 327-332, 335-339, 342-346, 349-362, 366-368, 372-384, 400-404, 413, 416-420, 423-425, 428-429, 433-435, 442-445, 448-451, 466-467, 470-474, 477-478, 485-486, 489-490, 496-497, 503-504, 525-550, 555-556, 562-613, 617, 630, 633-634, 637, 640, 653-672, 686, 689, 692, 695-698, 701-702, 705, 717-738, 749-750, 761-778, 783-793, 799, 802-806, 810-830, 834-841, 868-889, 894-898, 904-930, 964-995, 1008-1021, 1024-1036, 1048, 1060-1071, 1074-1081, 1089-1130, 1149-1159, 1167-1178, 1201-1203, 1265-1277, 1286-1309
venv/lib/python3.7/site-packages/psycopg2/tz.py                                                           61     37    39%   55-58, 63-69, 72-73, 77-78, 81, 84-93, 96, 101, 113-116, 119-122, 125, 128-133
venv/lib/python3.7/site-packages/requests/__init__.py                                                     60     16    73%   76-83, 88-89, 96-100, 128-131
venv/lib/python3.7/site-packages/requests/__version__.py                                                  10      0   100%
venv/lib/python3.7/site-packages/requests/_internal_utils.py                                              16     12    25%   19-27, 37-42
venv/lib/python3.7/site-packages/requests/adapters.py                                                    218    166    24%   45, 57, 75, 79, 114-127, 130, 136-142, 158-162, 177-200, 214-251, 264-289, 300-316, 324-326, 342-355, 369, 384-391, 410-530
venv/lib/python3.7/site-packages/requests/api.py                                                          22     12    45%   57-58, 71-72, 84-85, 97-98, 112, 126, 140, 152
venv/lib/python3.7/site-packages/requests/auth.py                                                        174    141    19%   38-69, 76, 83-84, 87, 93, 96-97, 104-105, 112-115, 119-125, 132-227, 231-232, 243-276, 280-296, 299, 305
venv/lib/python3.7/site-packages/requests/certs.py                                                         4      1    75%   18
venv/lib/python3.7/site-packages/requests/compat.py                                                       39     14    64%   38-55
venv/lib/python3.7/site-packages/requests/cookies.py                                                     238    177    26%   21-22, 38-40, 43, 46, 49, 54-60, 66, 69, 72, 76, 79, 82, 86, 90, 94, 109, 112, 115, 125-132, 141-143, 151-162, 196-199, 207-216, 224-225, 233, 241-242, 250, 258-259, 268, 272-276, 280-284, 292-297, 306-313, 316-319, 328, 335, 341, 344-346, 350-354, 368-374, 388-399, 403-406, 410-412, 416-419, 423, 427-438, 447-473, 479-490, 515-524, 533-546
venv/lib/python3.7/site-packages/requests/exceptions.py                                                   35      6    83%   19-25
venv/lib/python3.7/site-packages/requests/hooks.py                                                        15     11    27%   18, 25-34
venv/lib/python3.7/site-packages/requests/models.py                                                      446    374    16%   65-80, 91-107, 119-171, 178-184, 191-195, 227-245, 248, 252-265, 288-301, 308-319, 322, 325-333, 337-339, 343-349, 358-435, 440-446, 455-515, 519-528, 534-550, 563-570, 577-579, 593-637, 640, 643, 648-651, 657-662, 665, 675, 685, 689, 700-704, 711, 716, 721, 726, 745-781, 791-812, 818-832, 848-870, 879-896, 902-914, 919-939, 947-952
venv/lib/python3.7/site-packages/requests/packages.py                                                      6      0   100%
venv/lib/python3.7/site-packages/requests/sessions.py                                                    274    224    18%   41-44, 55-77, 86-92, 105-116, 122-229, 236-253, 267-294, 300-316, 349-397, 400, 403, 415-443, 486-514, 524-525, 535-536, 546-547, 559, 570, 581, 591, 600-664, 673-692, 701-707, 711-712, 719-723, 726-727, 730-731, 741
venv/lib/python3.7/site-packages/requests/status_codes.py                                                 15      0   100%
venv/lib/python3.7/site-packages/requests/structures.py                                                   39     19    51%   41-44, 49, 52, 55, 58, 61, 65, 72-77, 81, 84, 95, 100, 103
venv/lib/python3.7/site-packages/requests/utils.py                                                       440    374    15%   45-93, 99-102, 106-163, 169-214, 219-222, 230-254, 273-279, 297-306, 333-338, 364-373, 385-399, 409-414, 425, 433-443, 456-470, 480-491, 497-509, 514-519, 534-555, 569-584, 595-606, 617-621, 631-632, 639-643, 652-667, 678-689, 700-751, 760-763, 772-789, 798, 805, 821-847, 863-885, 894-902, 911-918, 933-943, 953-961, 968-976
venv/lib/python3.7/site-packages/selenium/__init__.py                                                      1      0   100%
venv/lib/python3.7/site-packages/selenium/common/__init__.py                                               1      0   100%
venv/lib/python3.7/site-packages/selenium/common/exceptions.py                                            84     15    82%   29-31, 34-40, 51-52, 142-143, 146
venv/lib/python3.7/site-packages/selenium/webdriver/__init__.py                                           21      0   100%
venv/lib/python3.7/site-packages/selenium/webdriver/android/__init__.py                                    0      0   100%
venv/lib/python3.7/site-packages/selenium/webdriver/android/webdriver.py                                   5      1    80%   39
venv/lib/python3.7/site-packages/selenium/webdriver/blackberry/__init__.py                                 0      0   100%
venv/lib/python3.7/site-packages/selenium/webdriver/blackberry/webdriver.py                               41     29    29%   24-25, 55-107, 113-116
venv/lib/python3.7/site-packages/selenium/webdriver/chrome/__init__.py                                     0      0   100%
venv/lib/python3.7/site-packages/selenium/webdriver/chrome/options.py                                     78     31    60%   53, 57, 61, 80, 96-99, 109-115, 126-133, 143-146, 163, 170, 180-186, 190-192, 204, 207
venv/lib/python3.7/site-packages/selenium/webdriver/chrome/remote_connection.py                            8      0   100%
venv/lib/python3.7/site-packages/selenium/webdriver/chrome/service.py                                      9      1    89%   39
venv/lib/python3.7/site-packages/selenium/webdriver/chrome/webdriver.py                                   40     17    58%   54-56, 63-66, 82-84, 89, 102, 120, 145, 152-158
venv/lib/python3.7/site-packages/selenium/webdriver/common/__init__.py                                     0      0   100%
venv/lib/python3.7/site-packages/selenium/webdriver/common/action_chains.py                              128    102    20%   70-73, 79-83, 89-91, 101-110, 120-128, 138-147, 157-166, 177-179, 191-194, 211-220, 236-245, 255-263, 272-278, 290-299, 303-308, 318-325, 335-343, 354-356, 360, 363
venv/lib/python3.7/site-packages/selenium/webdriver/common/actions/__init__.py                             0      0   100%
venv/lib/python3.7/site-packages/selenium/webdriver/common/actions/action_builder.py                      49     31    37%   28-35, 38-42, 46, 50, 54, 58, 61-63, 66-68, 71-76, 82, 85
venv/lib/python3.7/site-packages/selenium/webdriver/common/actions/input_device.py                        13      7    46%   26-31, 37, 40, 43
venv/lib/python3.7/site-packages/selenium/webdriver/common/actions/interaction.py                         19      5    74%   36, 42-44, 47
venv/lib/python3.7/site-packages/selenium/webdriver/common/actions/key_actions.py                         26     16    38%   25-28, 31, 34, 37, 40-45, 48-50
venv/lib/python3.7/site-packages/selenium/webdriver/common/actions/key_input.py                           23     11    52%   26-28, 31, 34, 37, 40, 46-48, 51
venv/lib/python3.7/site-packages/selenium/webdriver/common/actions/mouse_button.py                         4      0   100%
venv/lib/python3.7/site-packages/selenium/webdriver/common/actions/pointer_actions.py                     66     47    29%   29-32, 35, 38, 41-53, 56-57, 60-61, 64-68, 71-75, 78-81, 84-85, 88-91, 94-95, 98-100
venv/lib/python3.7/site-packages/selenium/webdriver/common/actions/pointer_input.py                       32     19    41%   29-34, 37-45, 48, 51, 54, 57, 60
venv/lib/python3.7/site-packages/selenium/webdriver/common/alert.py                                       22     13    41%   59, 66-69, 75-78, 87-90, 101-105
venv/lib/python3.7/site-packages/selenium/webdriver/common/by.py                                          10      0   100%
venv/lib/python3.7/site-packages/selenium/webdriver/common/desired_capabilities.py                        15      0   100%
venv/lib/python3.7/site-packages/selenium/webdriver/common/html5/__init__.py                               0      0   100%
venv/lib/python3.7/site-packages/selenium/webdriver/common/html5/application_cache.py                     13      2    85%   41, 48
venv/lib/python3.7/site-packages/selenium/webdriver/common/keys.py                                        67      0   100%
venv/lib/python3.7/site-packages/selenium/webdriver/common/proxy.py                                      141     94    33%   52-62, 88-108, 115, 125-126, 133, 143-149, 156, 166-168, 175, 185-187, 194, 204-206, 213, 223-225, 232, 242-244, 251, 261-263, 270, 280-282, 289, 299-301, 304-305, 314-334
venv/lib/python3.7/site-packages/selenium/webdriver/common/service.py                                    105     60    43%   30-32, 45, 59, 77-93, 104, 109, 118-135, 141-169, 175-178
venv/lib/python3.7/site-packages/selenium/webdriver/common/touch_actions.py                               43     26    40%   39-40, 46-47, 56-58, 67-69, 79-83, 93-97, 107-111, 121-125, 136-141, 150-152, 162-166, 179-185, 189, 192
venv/lib/python3.7/site-packages/selenium/webdriver/common/utils.py                                       67     19    72%   65-66, 78, 93, 124-136, 144, 146-148
venv/lib/python3.7/site-packages/selenium/webdriver/edge/__init__.py                                       0      0   100%
venv/lib/python3.7/site-packages/selenium/webdriver/edge/service.py                                       12      8    33%   41-54, 57
venv/lib/python3.7/site-packages/selenium/webdriver/edge/webdriver.py                                     23     14    39%   46-67, 70-71
venv/lib/python3.7/site-packages/selenium/webdriver/firefox/__init__.py                                    0      0   100%
venv/lib/python3.7/site-packages/selenium/webdriver/firefox/extension_connection.py                       41     22    46%   35-54, 58-61, 65, 71, 76
venv/lib/python3.7/site-packages/selenium/webdriver/firefox/firefox_binary.py                            120    100    17%   41-61, 64, 70-73, 80-82, 85-93, 99-117, 120-146, 150-170, 173-179, 182-190, 194-208, 213-217
venv/lib/python3.7/site-packages/selenium/webdriver/firefox/firefox_profile.py                           237    192    19%   64-87, 94, 97, 100-102, 111, 118, 125-134, 138, 142-144, 148, 152-155, 159, 163-165, 173-182, 185-205, 208-214, 220, 226-228, 231-245, 254-293, 309-408
venv/lib/python3.7/site-packages/selenium/webdriver/firefox/options.py                                    90     58    36%   28, 31-33, 40-46, 51, 59-61, 66, 71, 75, 79, 83, 87, 92, 96, 101, 105-107, 112, 120-122, 127, 131-133, 140, 150-153, 157-159, 170-189
venv/lib/python3.7/site-packages/selenium/webdriver/firefox/remote_connection.py                          10      7    30%   23-33
venv/lib/python3.7/site-packages/selenium/webdriver/firefox/service.py                                    10      5    50%   44-48, 51, 54
venv/lib/python3.7/site-packages/selenium/webdriver/firefox/webdriver.py                                 105     76    28%   108-198, 202-219, 223, 228, 245-250, 264-267, 276
venv/lib/python3.7/site-packages/selenium/webdriver/firefox/webelement.py                                  6      2    67%   33, 47
venv/lib/python3.7/site-packages/selenium/webdriver/ie/__init__.py                                         0      0   100%
venv/lib/python3.7/site-packages/selenium/webdriver/ie/options.py                                        119     58    51%   47-50, 55, 59-61, 66, 70, 74, 79, 90-92, 97, 108-110, 115, 126, 131, 142-144, 149, 160, 165, 176, 181, 192, 197, 208, 213, 224, 229, 240, 245, 256, 261, 272, 277, 288, 293, 304, 309, 320, 325, 336, 340-351
venv/lib/python3.7/site-packages/selenium/webdriver/ie/service.py                                         13      9    31%   38-46, 50
venv/lib/python3.7/site-packages/selenium/webdriver/ie/webdriver.py                                       39     25    36%   57-98, 101-102, 105
venv/lib/python3.7/site-packages/selenium/webdriver/opera/__init__.py                                      0      0   100%
venv/lib/python3.7/site-packages/selenium/webdriver/opera/options.py                                      41     25    39%   26-30, 34, 38, 45, 55, 62, 72, 79, 89, 97-108, 114-115
venv/lib/python3.7/site-packages/selenium/webdriver/opera/webdriver.py                                    17      7    59%   48-55, 65, 79
venv/lib/python3.7/site-packages/selenium/webdriver/phantomjs/__init__.py                                  0      0   100%
venv/lib/python3.7/site-packages/selenium/webdriver/phantomjs/service.py                                  26     17    35%   37-50, 53, 56, 63, 66-68
venv/lib/python3.7/site-packages/selenium/webdriver/phantomjs/webdriver.py                                21     14    33%   49-67, 74-80
venv/lib/python3.7/site-packages/selenium/webdriver/remote/__init__.py                                     0      0   100%
venv/lib/python3.7/site-packages/selenium/webdriver/remote/command.py                                    126      0   100%
venv/lib/python3.7/site-packages/selenium/webdriver/remote/errorhandler.py                               169    121    28%   116-242, 245
venv/lib/python3.7/site-packages/selenium/webdriver/remote/file_detector.py                               21     11    48%   32, 40, 48-58
venv/lib/python3.7/site-packages/selenium/webdriver/remote/mobile.py                                      28      9    68%   30, 34, 38, 50, 60-61, 71, 78, 85
venv/lib/python3.7/site-packages/selenium/webdriver/remote/remote_connection.py                          113     34    70%   28-29, 54, 64, 71, 94-95, 113, 115-116, 127-130, 135, 371, 401-409, 414, 416, 424-429, 434, 437-438
venv/lib/python3.7/site-packages/selenium/webdriver/remote/switch_to.py                                   54     36    33%   41-44, 54-56, 65, 80-89, 99, 111-115, 118-134
venv/lib/python3.7/site-packages/selenium/webdriver/remote/utils.py                                       41     29    29%   29, 45-90
venv/lib/python3.7/site-packages/selenium/webdriver/remote/webdriver.py                                  385    200    48%   79, 86-92, 136, 139, 143-145, 148, 155, 163, 167, 170, 191-199, 203, 212-215, 229, 243, 245-248, 254, 261, 274, 291, 327, 342-343, 376, 394, 410, 428, 444, 462, 478, 496, 512, 530, 546, 564, 580, 598, 614, 627-634, 651-657, 669, 679, 697-700, 710-713, 723-726, 732-737, 743, 749, 767, 773-775, 780-782, 787-789, 794-796, 801-803, 813, 822, 831, 841, 850-860, 869, 878, 894, 910-914, 928-932, 946-950, 965-975, 990-1005, 1014, 1029-1040, 1055, 1064, 1074, 1087-1092, 1104-1115, 1128-1133, 1147-1155, 1165, 1177-1180, 1186, 1202, 1204, 1215, 1228-1232, 1237, 1247, 1262
venv/lib/python3.7/site-packages/selenium/webdriver/remote/webelement.py                                 204    125    39%   65, 71, 76, 84-91, 95, 108-112, 137-148, 155, 159, 176, 192, 209, 224, 241, 256, 273, 288, 305, 320, 351, 381, 398, 413, 430, 445, 473-475, 485-490, 502-509, 514-521, 525, 531-537, 542-547, 557, 567, 582-593, 611, 614, 617, 645-658, 671-684, 688, 691-708
venv/lib/python3.7/site-packages/selenium/webdriver/safari/__init__.py                                     0      0   100%
venv/lib/python3.7/site-packages/selenium/webdriver/safari/remote_connection.py                            7      4    43%   23-27
venv/lib/python3.7/site-packages/selenium/webdriver/safari/service.py                                     22     15    32%   38-54, 57, 64
venv/lib/python3.7/site-packages/selenium/webdriver/safari/webdriver.py                                   45     32    29%   21-22, 54-67, 74-80, 87-92, 96-108, 112-113
venv/lib/python3.7/site-packages/selenium/webdriver/support/__init__.py                                    0      0   100%
venv/lib/python3.7/site-packages/selenium/webdriver/support/select.py                                    125    107    14%   36-42, 47, 52-56, 62-65, 78-87, 98-103, 116-140, 146-149, 162-171, 182-188, 199-208, 211-212, 215-216, 219-233, 236-241
venv/lib/python3.7/site-packages/selenium/webdriver/support/ui.py                                          2      0   100%
venv/lib/python3.7/site-packages/selenium/webdriver/support/wait.py                                       50     40    20%   44-56, 59, 65-80, 85-96
venv/lib/python3.7/site-packages/selenium/webdriver/webkitgtk/__init__.py                                  0      0   100%
venv/lib/python3.7/site-packages/selenium/webdriver/webkitgtk/options.py                                  36     23    36%   25-28, 32, 36, 43, 53, 60, 69-72, 79, 89, 96-107
venv/lib/python3.7/site-packages/selenium/webdriver/webkitgtk/service.py                                   9      4    56%   35-36, 39, 42
venv/lib/python3.7/site-packages/selenium/webdriver/webkitgtk/webdriver.py                                23     15    35%   20-21, 49-62, 69-74
venv/lib/python3.7/site-packages/six.py                                                                  450    223    50%   49-72, 98-99, 112, 118-121, 131-133, 145, 154-157, 160-161, 186, 190-193, 196-207, 216, 222-223, 306, 486, 494, 499-505, 517-523, 528-530, 536-538, 543, 548, 552-566, 581, 584, 587, 590, 598-614, 626, 629, 642-643, 648-667, 673, 677, 681, 688-711, 720, 736-737, 742-794, 796-803, 808-814, 824-832, 841-844, 859-866, 887-888
venv/lib/python3.7/site-packages/urllib3/__init__.py                                                      38     12    68%   28-31, 66-72, 97
venv/lib/python3.7/site-packages/urllib3/_collections.py                                                 184    101    45%   4-5, 8-14, 19-20, 71, 74, 77-81, 84-85, 88, 91-98, 101-102, 144, 148, 151-152, 159, 162, 165-169, 173, 176-177, 182, 186-187, 196-204, 207-210, 226, 234, 239-240, 242-243, 245-246, 252, 257-264, 275, 278-283, 286-288, 292-295, 299-301, 304, 312-332
venv/lib/python3.7/site-packages/urllib3/connection.py                                                   164     91    45%   16-20, 26-28, 119, 164, 173-179, 191-193, 204-235, 247-256, 259-268, 298-310, 314-378, 385-395, 403
venv/lib/python3.7/site-packages/urllib3/connectionpool.py                                               320    157    51%   66, 73, 77, 80-82, 88, 197, 228-236, 240-246, 267-278, 288, 300, 305-317, 344-347, 352, 367, 372, 381-387, 397-398, 405, 411-423, 430-444, 541, 551, 594, 621-642, 650-651, 661-663, 670-676, 681-699, 710-725, 766-780, 788-797, 805-815, 821-839, 845-852, 880-885, 903
venv/lib/python3.7/site-packages/urllib3/contrib/__init__.py                                               0      0   100%
venv/lib/python3.7/site-packages/urllib3/contrib/pyopenssl.py                                            231    229     1%   47-457
venv/lib/python3.7/site-packages/urllib3/contrib/socks.py                                                 75     66    12%   41-192
venv/lib/python3.7/site-packages/urllib3/exceptions.py                                                    96     21    78%   21-22, 26, 32-33, 37, 77-82, 89-91, 144-147, 216, 219, 233-234, 240-241
venv/lib/python3.7/site-packages/urllib3/fields.py                                                        69     56    19%   17-19, 35-47, 64-69, 89-103, 114, 127-136, 142-155, 171-178
venv/lib/python3.7/site-packages/urllib3/filepost.py                                                      43     30    30%   19-22, 33-42, 57-60, 74-98
venv/lib/python3.7/site-packages/urllib3/packages/__init__.py                                              3      0   100%
venv/lib/python3.7/site-packages/urllib3/packages/six.py                                                 444    208    53%   49-72, 98-99, 112, 120-121, 131-133, 145, 154-157, 192-193, 222-223, 304, 480, 488, 493-499, 511-517, 522-524, 530-532, 537, 542, 546-560, 575, 578, 581, 584, 592-608, 620, 623, 636-637, 642-661, 667, 671, 675, 682-701, 707, 717-718, 723-775, 777-784, 789-795, 805-809, 814-825, 836-843, 864-865
venv/lib/python3.7/site-packages/urllib3/packages/ssl_match_hostname/__init__.py                          11      6    45%   7, 10-16
venv/lib/python3.7/site-packages/urllib3/poolmanager.py                                                  167     68    59%   85, 91, 163, 166-168, 182, 204, 218, 223, 277-278, 291-298, 317, 320, 329-358, 391-408, 412-416, 424-432, 436-445, 449
venv/lib/python3.7/site-packages/urllib3/request.py                                                       39     11    72%   47, 81, 87, 130, 135-145
venv/lib/python3.7/site-packages/urllib3/response.py                                                     337    185    45%   25-27, 30, 33-52, 65-66, 69, 72-90, 94-97, 145, 163, 178, 196, 204-205, 213-214, 218, 221, 229, 242-247, 257, 260-261, 264, 270-271, 275, 287, 295-298, 313-314, 333-349, 361-368, 398, 401, 412-430, 440, 460-468, 485, 501, 508, 513, 516, 521, 524-527, 530-535, 539-540, 544, 548-553, 562, 567-576, 579-598, 614-665, 673-676
venv/lib/python3.7/site-packages/urllib3/util/__init__.py                                                 10      0   100%
venv/lib/python3.7/site-packages/urllib3/util/connection.py                                               63     18    71%   18, 20, 24-25, 48, 66, 68, 72-81, 86, 118-119
venv/lib/python3.7/site-packages/urllib3/util/queue.py                                                    14      1    93%   7
venv/lib/python3.7/site-packages/urllib3/util/request.py                                                  45     33    27%   47-74, 83, 85-90, 106-117
venv/lib/python3.7/site-packages/urllib3/util/response.py                                                 32     19    41%   15-35, 55, 66, 78-81
venv/lib/python3.7/site-packages/urllib3/util/retry.py                                                   150     91    39%   171-172, 185-197, 208-211, 219-225, 229-241, 246-251, 254-259, 262-265, 276-281, 287, 293, 315, 322-327, 341-402, 405
venv/lib/python3.7/site-packages/urllib3/util/ssl_.py                                                    153    120    22%   34-37, 48-49, 54-56, 66-76, 115-173, 186-199, 214-223, 230-239, 277-302, 326-372, 381-396
venv/lib/python3.7/site-packages/urllib3/util/timeout.py                                                  59     25    58%   100, 115, 120-138, 178, 190-193, 208-211, 235-237, 240
venv/lib/python3.7/site-packages/urllib3/util/url.py                                                     103     40    61%   25, 36, 44, 51-53, 74-93, 96, 127, 156, 181, 185-186, 199, 202-209, 212, 216, 220, 229-230
venv/lib/python3.7/site-packages/urllib3/util/wait.py                                                     79     40    49%   7-8, 45-68, 72-87, 92, 97, 111, 121-122, 135-138, 153
venv/lib/python3.7/site-packages/werkzeug/__init__.py                                                     29      8    72%   116-119, 121, 126-130
venv/lib/python3.7/site-packages/werkzeug/_compat.py                                                     148     80    46%   11-12, 21-117, 136-138, 168, 185, 187, 190, 201, 205
venv/lib/python3.7/site-packages/werkzeug/_internal.py                                                   238    166    30%   61, 64, 79-88, 93-156, 163-172, 192, 195, 200-201, 205-209, 212-214, 217, 224-237, 241-273, 278-292, 298-299, 304-311, 321-322, 331-332, 338-345, 356-419
venv/lib/python3.7/site-packages/werkzeug/contrib/__init__.py                                              1      0   100%
venv/lib/python3.7/site-packages/werkzeug/contrib/cache.py                                               440    324    26%   87-89, 106-108, 116, 125, 138, 150, 166, 181, 193-197, 207, 217, 231, 243-244, 256-257, 269, 287-290, 293-300, 303-306, 309-314, 317-321, 324-331, 334, 337-341, 386, 389-393, 398-401, 404-407, 410-415, 418-436, 439-441, 444-446, 449-450, 453-460, 463-465, 468-473, 476-479, 482, 485-486, 489-490, 499, 506, 510-511, 515-520, 566-581, 584-587, 593-596, 602-613, 616, 619-621, 624-632, 635-637, 643-655, 658, 661-665, 668, 671-678, 681, 684, 711-722, 726, 730-737, 740-743, 748-750, 755-771, 774-781, 784-787, 790-800, 803-806, 810-833, 836-844, 847-857, 875-888, 891-894, 897, 900, 905, 910, 913
venv/lib/python3.7/site-packages/werkzeug/contrib/profiler.py                                             61     45    26%   25-26, 29-30, 44-46, 49-50, 79-86, 89-127, 141-147
venv/lib/python3.7/site-packages/werkzeug/datastructures.py                                             1331    839    37%   29, 40-45, 48, 55-75, 90-93, 96, 99, 102, 106, 109, 113, 116, 119, 122, 125, 138, 156-158, 161, 164, 167-170, 173, 176, 179, 182, 185, 188, 191, 204, 207, 210, 213, 216, 219, 222, 238-241, 246-250, 253-260, 304-309, 325, 328, 334-338, 341, 344, 347, 395, 397-406, 414, 417-418, 428-430, 439, 449, 463-475, 493, 503-507, 530, 552-553, 556, 563, 574, 578, 582, 594-596, 616-617, 633-643, 647-655, 665, 669-672, 675, 678, 681, 694-703, 706-713, 735-738, 741-763, 768, 771, 774, 777-779, 782-784, 787-788, 791, 794, 799, 802-813, 816-822, 825-826, 829, 832-844, 847-849, 852, 856-857, 860-863, 866-874, 877-883, 886-892, 896, 902, 904, 949, 954, 956, 958, 971, 977, 1010, 1012, 1015-1016, 1034-1046, 1054, 1057-1060, 1063-1064, 1067-1068, 1074-1083, 1086-1094, 1101, 1113, 1115, 1118, 1122-1123, 1127, 1133-1134, 1162-1166, 1170, 1172, 1181, 1185, 1203, 1214-1215, 1219, 1229-1232, 1237-1244, 1250-1253, 1264, 1268, 1271, 1275-1279, 1282, 1300, 1303, 1307, 1311, 1314, 1317, 1320, 1323, 1339, 1342, 1349-1354, 1359, 1362-1368, 1372, 1401, 1404, 1408, 1412-1415, 1418-1426, 1429-1432, 1441-1444, 1447, 1452-1459, 1462-1463, 1466-1470, 1473, 1477, 1489-1492, 1495, 1498-1501, 1506, 1527-1539, 1550, 1563, 1578, 1581, 1592, 1599, 1602, 1638-1648, 1652, 1656, 1663-1665, 1674-1677, 1680-1683, 1686, 1700-1705, 1712-1715, 1719-1720, 1724-1729, 1732, 1735-1738, 1748-1764, 1769-1770, 1780, 1783-1800, 1811, 1820, 1828, 1836-1838, 1846-1851, 1902-1904, 1908-1919, 1923-1934, 1938-1939, 1943, 1946, 1949, 2017, 2038-2040, 2044, 2056-2065, 2072-2080, 2087-2090, 2097-2101, 2109-2112, 2116-2119, 2130-2132, 2136, 2139, 2142-2145, 2148-2153, 2156, 2159, 2162, 2165, 2168, 2171, 2184-2186, 2191-2194, 2198, 2202, 2206, 2212-2214, 2220-2223, 2227-2229, 2235-2242, 2245, 2250, 2253, 2256, 2259, 2274-2276, 2280-2284, 2287, 2290, 2304-2307, 2314-2322, 2328-2330, 2334-2340, 2346-2351, 2354, 2357, 2368-2371, 2375, 2378-2380, 2395-2402, 2408, 2411-2419, 2427, 2432, 2435, 2453-2454, 2500-2503, 2507-2510, 2515-2530, 2534-2536, 2543, 2546, 2563-2566, 2571-2576, 2609-2611, 2614-2617, 2641-2668, 2671-2672, 2678, 2683, 2694-2695, 2705-2706, 2722-2731, 2735-2738, 2741, 2745, 2748, 2751
venv/lib/python3.7/site-packages/werkzeug/exceptions.py                                                  192     20    90%   89, 142, 159-160, 163-164, 430-432, 435-439, 680, 683-687, 707
venv/lib/python3.7/site-packages/werkzeug/filesystem.py                                                   22     13    41%   27-32, 56-66
venv/lib/python3.7/site-packages/werkzeug/formparser.py                                                  248    175    29%   19-21, 48-53, 100, 116-119, 157, 164, 177-180, 197, 199, 206-210, 214-223, 230, 245, 252-256, 268-286, 299-312, 319-321, 328-334, 337, 340-343, 347-351, 354-364, 367, 370-373, 392-480, 486-522, 527-531
venv/lib/python3.7/site-packages/werkzeug/http.py                                                        439    358    18%   166-168, 172-176, 189-196, 208-222, 231-239, 257-270, 295-300, 329-341, 371, 377-389, 393-395, 414-428, 448-452, 480-482, 494-517, 530-537, 547-553, 564-605, 620-650, 659-664, 678-687, 696-716, 721, 738-754, 760, 762, 764, 786, 811-822, 832-843, 859-909, 925-926, 938, 950, 961, 983-1004, 1054-1128, 1136-1144
venv/lib/python3.7/site-packages/werkzeug/local.py                                                       215     67    69%   59, 63, 83-86, 121, 124, 127, 132-137, 153, 158, 190-201, 214, 220-221, 227-229, 244, 247, 307-310, 314-317, 320-324, 329-330, 333-336, 339-342, 346, 350, 353, 356-362, 413
venv/lib/python3.7/site-packages/werkzeug/posixemulation.py                                               11      0   100%
venv/lib/python3.7/site-packages/werkzeug/routing.py                                                     632    301    52%   151-160, 164-179, 203, 210, 233-234, 237, 250, 261-265, 269, 272-282, 285-310, 330, 354-355, 358-362, 381-382, 385-389, 407-408, 411-415, 439, 442, 454-455, 458-472, 603, 615, 618, 626, 639, 653-656, 671, 680, 695, 703, 724, 745, 776, 780, 784-788, 790, 793, 803-828, 835, 846-865, 897, 903, 906, 910-918, 938, 941, 966, 971, 992-993, 1019-1022, 1025-1031, 1034-1037, 1076, 1093, 1096, 1168, 1174, 1189-1194, 1203-1206, 1247-1248, 1251, 1253, 1256-1257, 1302, 1305-1311, 1318, 1330, 1356, 1364-1365, 1432-1441, 1525, 1539-1544, 1556, 1559-1567, 1577, 1592-1598, 1605-1611, 1618-1627, 1642-1646, 1650-1652, 1659-1662, 1672-1678, 1687-1699, 1764-1787
venv/lib/python3.7/site-packages/werkzeug/test.py                                                        485    197    59%   25-26, 48-112, 119-121, 126-129, 141-146, 152, 181, 183, 202-204, 208-209, 300, 307, 311-312, 317-318, 321, 336, 338, 349, 354, 358-371, 374, 379-381, 385, 401, 408-411, 428, 431-435, 477-478, 505-506, 509-510, 518-522, 542, 544, 550-551, 565-568, 586-589, 639-641, 690, 700-705, 709, 725-760, 793, 797-801, 812-817, 824, 834-835, 844-845, 849-850, 854-855, 859-860, 864-865, 868, 889-893, 919, 930-934, 942, 944, 946
venv/lib/python3.7/site-packages/werkzeug/urls.py                                                        416    185    56%   60, 81-82, 92-93, 102, 109-111, 125-127, 141, 148, 155, 162, 165, 171, 182, 193, 213-251, 255, 262-264, 273, 276-284, 301, 307, 310, 316, 323, 342, 346, 352, 370-378, 385, 388, 400-401, 441, 444, 446, 464, 477, 510, 517, 519, 553, 580, 613, 665, 668-674, 728, 730, 769, 771, 786-789, 792, 842-849, 860-917, 973-978, 981-986, 989-1007
venv/lib/python3.7/site-packages/werkzeug/utils.py                                                       243    167    31%   19-20, 66, 70, 111, 160, 163-202, 205, 229, 245-250, 277-295, 310, 312, 314, 316-317, 329-341, 364-381, 392-396, 415-440, 461-475, 522-528, 543-561, 569-572, 589-616, 619
venv/lib/python3.7/site-packages/werkzeug/wrappers.py                                                    622    282    55%   67, 76, 84, 90-96, 231-238, 271-278, 302-313, 336, 375, 404, 416, 419, 422, 475, 518, 544-549, 571-572, 578, 587, 595-597, 602, 607-609, 616, 624, 633, 641, 649, 664-669, 674, 696-700, 841, 860, 878-882, 919, 939, 948-949, 960-961, 965-969, 989, 1004, 1016-1020, 1031-1033, 1035, 1039, 1105, 1128, 1140-1144, 1163-1166, 1169, 1172, 1184-1185, 1223, 1225, 1231-1243, 1248, 1251, 1262-1270, 1291, 1294-1295, 1343, 1350, 1359, 1370, 1386-1387, 1396, 1404, 1409, 1414, 1424, 1434, 1447-1448, 1461-1462, 1497-1502, 1508-1509, 1515, 1534-1556, 1596-1618, 1622-1623, 1627, 1633, 1640-1642, 1653-1665, 1668-1673, 1694-1695, 1698-1703, 1706-1707, 1710, 1713-1714, 1717-1719, 1722-1723, 1727, 1740, 1765, 1818-1819, 1829, 1840-1842, 1845, 1848-1852, 1916-1921, 1924-1932, 1943-1948, 1951-1956, 1987-1993
venv/lib/python3.7/site-packages/werkzeug/wsgi.py                                                        633    448    29%   48, 90, 98, 113-142, 159, 163-166, 168-170, 184, 190-191, 218, 224, 260-261, 277-278, 308-330, 354-356, 398-445, 493-503, 506-586, 589-595, 657-677, 684, 687, 694, 697-720, 723-731, 734-736, 743-794, 809-810, 813-826, 856, 860, 873-874, 893, 917-918, 921-922, 925-929, 932-933, 936-938, 941, 944-947, 969-977, 980, 983-989, 992-1003, 1006-1017, 1020-1024, 1027-1028, 1034, 1037-1040, 1042, 1084-1134, 1167, 1171-1173, 1197-1202, 1252, 1257, 1274-1275, 1288-1290, 1304-1305, 1307, 1313-1326, 1334-1348, 1355, 1358-1361, 1364
------------------------------------------------------------------------------------------------------------------------------------
TOTAL                                                                                                  40103  25625    36%
